<?xml version="1.0" encoding="UTF-8"?>
<testng-results ignored="0" total="1" passed="1" failed="0" skipped="0">
  <reporter-output>
  </reporter-output>
  <suite started-at="2024-02-23T14:48:31 IST" name="Default suite" finished-at="2024-02-23T14:48:52 IST" duration-ms="20635">
    <groups>
    </groups>
    <test started-at="2024-02-23T14:48:31 IST" name="Default test" finished-at="2024-02-23T14:48:52 IST" duration-ms="20635">
      <class name="hemanthselenium.Tests.AddAdidasToCart">
        <test-method is-config="true" signature="launchApplication()[pri:0, instance:hemanthselenium.Tests.AddAdidasToCart@7e7be63f]" started-at="2024-02-23T14:48:31 IST" name="launchApplication" finished-at="2024-02-23T14:48:37 IST" duration-ms="6270" status="PASS">
          <reporter-output>
          </reporter-output>
        </test-method> <!-- launchApplication -->
        <test-method signature="AddItemsToCart()[pri:0, instance:hemanthselenium.Tests.AddAdidasToCart@7e7be63f]" started-at="2024-02-23T14:48:37 IST" name="AddItemsToCart" finished-at="2024-02-23T14:48:52 IST" duration-ms="14315" status="PASS">
          <reporter-output>
          </reporter-output>
        </test-method> <!-- AddItemsToCart -->
      </class> <!-- hemanthselenium.Tests.AddAdidasToCart -->
    </test> <!-- Default test -->
  </suite> <!-- Default suite -->
</testng-results>
